[2023-06-28T10:40:06.903+0000] {logging_mixin.py:149} INFO - Changing /opt/***/logs/dag_id=2_Test_Badge_5_Loop/run_id=scheduled__2023-06-28T10:35:00+00:00/task_id=snowflake_sensor_task permission to 509
[2023-06-28T10:40:06.905+0000] {logging_mixin.py:149} INFO - Failed to change /opt/***/logs/dag_id=2_Test_Badge_5_Loop/run_id=scheduled__2023-06-28T10:35:00+00:00/task_id=snowflake_sensor_task permission to 509: [Errno 1] Operation not permitted: '/opt/***/logs/dag_id=2_Test_Badge_5_Loop/run_id=scheduled__2023-06-28T10:35:00+00:00/task_id=snowflake_sensor_task'
[2023-06-28T10:40:06.945+0000] {logging_mixin.py:149} INFO - Changing /opt/***/logs/dag_id=2_Test_Badge_5_Loop/run_id=scheduled__2023-06-28T10:35:00+00:00/task_id=snowflake_sensor_task permission to 509
[2023-06-28T10:40:06.946+0000] {logging_mixin.py:149} INFO - Failed to change /opt/***/logs/dag_id=2_Test_Badge_5_Loop/run_id=scheduled__2023-06-28T10:35:00+00:00/task_id=snowflake_sensor_task permission to 509: [Errno 1] Operation not permitted: '/opt/***/logs/dag_id=2_Test_Badge_5_Loop/run_id=scheduled__2023-06-28T10:35:00+00:00/task_id=snowflake_sensor_task'
[2023-06-28T10:40:06.989+0000] {taskinstance.py:1103} INFO - Dependencies all met for dep_context=non-requeueable deps ti=<TaskInstance: 2_Test_Badge_5_Loop.snowflake_sensor_task scheduled__2023-06-28T10:35:00+00:00 [queued]>
[2023-06-28T10:40:07.003+0000] {taskinstance.py:1103} INFO - Dependencies all met for dep_context=requeueable deps ti=<TaskInstance: 2_Test_Badge_5_Loop.snowflake_sensor_task scheduled__2023-06-28T10:35:00+00:00 [queued]>
[2023-06-28T10:40:07.004+0000] {taskinstance.py:1308} INFO - Starting attempt 1 of 1
[2023-06-28T10:40:07.026+0000] {taskinstance.py:1327} INFO - Executing <Task(SnowflakeStreamSensor): snowflake_sensor_task> on 2023-06-28 10:35:00+00:00
[2023-06-28T10:40:07.033+0000] {standard_task_runner.py:57} INFO - Started process 322 to run task
[2023-06-28T10:40:07.037+0000] {standard_task_runner.py:84} INFO - Running: ['***', 'tasks', 'run', '2_Test_Badge_5_Loop', 'snowflake_sensor_task', 'scheduled__2023-06-28T10:35:00+00:00', '--job-id', '511', '--raw', '--subdir', 'DAGS_FOLDER/test_loop.py', '--cfg-path', '/tmp/tmpdbyxhg80']
[2023-06-28T10:40:07.038+0000] {standard_task_runner.py:85} INFO - Job 511: Subtask snowflake_sensor_task
[2023-06-28T10:40:07.096+0000] {logging_mixin.py:149} INFO - Changing /opt/***/logs/dag_id=2_Test_Badge_5_Loop/run_id=scheduled__2023-06-28T10:35:00+00:00/task_id=snowflake_sensor_task permission to 509
[2023-06-28T10:40:07.097+0000] {logging_mixin.py:149} INFO - Failed to change /opt/***/logs/dag_id=2_Test_Badge_5_Loop/run_id=scheduled__2023-06-28T10:35:00+00:00/task_id=snowflake_sensor_task permission to 509: [Errno 1] Operation not permitted: '/opt/***/logs/dag_id=2_Test_Badge_5_Loop/run_id=scheduled__2023-06-28T10:35:00+00:00/task_id=snowflake_sensor_task'
[2023-06-28T10:40:07.100+0000] {task_command.py:410} INFO - Running <TaskInstance: 2_Test_Badge_5_Loop.snowflake_sensor_task scheduled__2023-06-28T10:35:00+00:00 [running]> on host 20abcf34034c
[2023-06-28T10:40:07.248+0000] {taskinstance.py:1547} INFO - Exporting env vars: AIRFLOW_CTX_DAG_OWNER='***' AIRFLOW_CTX_DAG_ID='2_Test_Badge_5_Loop' AIRFLOW_CTX_TASK_ID='snowflake_sensor_task' AIRFLOW_CTX_EXECUTION_DATE='2023-06-28T10:35:00+00:00' AIRFLOW_CTX_TRY_NUMBER='1' AIRFLOW_CTX_DAG_RUN_ID='scheduled__2023-06-28T10:35:00+00:00'
[2023-06-28T10:40:07.259+0000] {base.py:73} INFO - Using connection ID 'snowflake_connection' for task execution.
[2023-06-28T10:40:07.264+0000] {connection.py:265} INFO - Snowflake Connector for Python Version: 2.4.5, Python Version: 3.7.16, Platform: Linux-5.15.90.1-microsoft-standard-WSL2-x86_64-with-debian-11.7
[2023-06-28T10:40:07.265+0000] {connection.py:869} INFO - This connection is in OCSP Fail Open Mode. TLS Certificates would be checked for validity and revocation status. Any other Certificate Revocation related exceptions or OCSP Responder failures would be disregarded in favor of connectivity.
[2023-06-28T10:40:07.266+0000] {connection.py:886} INFO - Setting use_openssl_only mode to False
[2023-06-28T10:40:08.625+0000] {ocsp_snowflake.py:1163} ERROR - WARNING!!! Using fail-open to connect. Driver is connecting to an HTTPS endpoint without OCSP based Certificate Revocation checking as it could not obtain a valid OCSP Response to use from the CA OCSP responder. Details: 
 {'eventType': 'RevocationCheckFailure', 'eventSubType': 'OCSPResponseExpired', 'sfcPeerHost': 'ipponpartner.snowflakecomputing.com', 'certId': 'MEowBwYFKw4DAhoEFE9Zo5RTz7lVnn9r2MVNpT2mQrcUBBSEGMyFNOy8DJSULghZnMeyEE4KCAITB3MSOAudZoijOx7Zv5zNpo4ODw==', 'ocspRequestBase64': 'MFIwUDBOMEwwSjAHBgUrDgMCGgQUT1mjlFPPuVWef2vYxU2lPaZCtxQEFIQYzIU07LwMlJQuCFmcx7IQTgoIAhMHcxI4C51miKM7Htm/nM2mjg4P', 'ocspResponderURL': 'http://ocsp.rootca1.amazontrust.com', 'errorMessage': '254013: 254013: 254013: 254013: Response is unreliable. Its validity date is out of range: current_time=2023-06-28 10:40:08Z, this_update=2023-06-28 12:19:41Z, next_update=2023-07-05 13:19:41Z, tolerable next_update=2023-07-05 15:01:05Z. A potential cause is client clock is skewed, CA fails to update OCSP response in time. Consider running curl -o ocsp.der http://ocsp.rootca1.amazontrust.com/MFIwUDBOMEwwSjAHBgUrDgMCGgQUT1mjlFPPuVWef2vYxU2lPaZCtxQEFIQYzIU07LwMlJQuCFmcx7IQTgoIAhMHcxI4C51miKM7Htm/nM2mjg4P', 'insecureMode': False, 'failOpen': True, 'cacheEnabled': True, 'cacheHit': False, 'exceptionMessage': '254013: 254013: 254013: 254013: Response is unreliable. Its validity date is out of range: current_time=2023-06-28 10:40:08Z, this_update=2023-06-28 12:19:41Z, next_update=2023-07-05 13:19:41Z, tolerable next_update=2023-07-05 15:01:05Z. A potential cause is client clock is skewed, CA fails to update OCSP response in time. Consider running curl -o ocsp.der http://ocsp.rootca1.amazontrust.com/MFIwUDBOMEwwSjAHBgUrDgMCGgQUT1mjlFPPuVWef2vYxU2lPaZCtxQEFIQYzIU07LwMlJQuCFmcx7IQTgoIAhMHcxI4C51miKM7Htm/nM2mjg4P', 'exceptionStackTrace': 'Traceback (most recent call last):\n  File "/home/***/.local/lib/python3.7/site-packages/snowflake/connector/ocsp_asn1crypto.py", line 362, in process_ocsp_response\n    self._process_good_status(single_response, cert_id, ocsp_response)\n  File "/home/***/.local/lib/python3.7/site-packages/snowflake/connector/ocsp_snowflake.py", line 1649, in _process_good_status\n    errno=ER_OCSP_RESPONSE_EXPIRED,\nsnowflake.connector.errors.RevocationCheckError: 254013: 254013: Response is unreliable. Its validity date is out of range: current_time=2023-06-28 10:40:08Z, this_update=2023-06-28 12:19:41Z, next_update=2023-07-05 13:19:41Z, tolerable next_update=2023-07-05 15:01:05Z. A potential cause is client clock is skewed, CA fails to update OCSP response in time.\n\nDuring handling of the above exception, another exception occurred:\n\nTraceback (most recent call last):\n  File "/home/***/.local/lib/python3.7/site-packages/snowflake/connector/ocsp_snowflake.py", line 1267, in validate_by_direct_connection\n    raise op_er\n  File "/home/***/.local/lib/python3.7/site-packages/snowflake/connector/ocsp_snowflake.py", line 1248, in validate_by_direct_connection\n    self.process_ocsp_response(issuer, cert_id, ocsp_response)\n  File "/home/***/.local/lib/python3.7/site-packages/snowflake/connector/ocsp_asn1crypto.py", line 380, in process_ocsp_response\n    raise RevocationCheckError(msg=debug_msg, errno=op_er.errno)\nsnowflake.connector.errors.RevocationCheckError: 254013: 254013: 254013: 254013: Response is unreliable. Its validity date is out of range: current_time=2023-06-28 10:40:08Z, this_update=2023-06-28 12:19:41Z, next_update=2023-07-05 13:19:41Z, tolerable next_update=2023-07-05 15:01:05Z. A potential cause is client clock is skewed, CA fails to update OCSP response in time. Consider running curl -o ocsp.der http://ocsp.rootca1.amazontrust.com/MFIwUDBOMEwwSjAHBgUrDgMCGgQUT1mjlFPPuVWef2vYxU2lPaZCtxQEFIQYzIU07LwMlJQuCFmcx7IQTgoIAhMHcxI4C51miKM7Htm/nM2mjg4P\n'}
[2023-06-28T10:40:08.787+0000] {ocsp_snowflake.py:1163} ERROR - WARNING!!! Using fail-open to connect. Driver is connecting to an HTTPS endpoint without OCSP based Certificate Revocation checking as it could not obtain a valid OCSP Response to use from the CA OCSP responder. Details: 
 {'eventType': 'RevocationCheckFailure', 'eventSubType': 'OCSPResponseExpired|OCSPResponseExpired', 'sfcPeerHost': 'ipponpartner.snowflakecomputing.com', 'certId': 'MEowBwYFKw4DAhoEFIh9pEReZ+p8lHdOQxicPs7kyHMSBBScXwDfqgHXMCs4iKK4bUqc8hGRgwITBn+USionzfP6wq4rAfkI7rnExg==', 'ocspRequestBase64': 'MFIwUDBOMEwwSjAHBgUrDgMCGgQUiH2kRF5n6nyUd05DGJw+zuTIcxIEFJxfAN+qAdcwKziIorhtSpzyEZGDAhMGf5RKKifN8/rCrisB+QjuucTG', 'ocspResponderURL': 'http://ocsp.rootg2.amazontrust.com', 'errorMessage': '254013: 254013: 254013: 254013: Response is unreliable. Its validity date is out of range: current_time=2023-06-28 10:40:08Z, this_update=2023-06-28 12:05:21Z, next_update=2023-07-05 13:05:21Z, tolerable next_update=2023-07-05 14:46:45Z. A potential cause is client clock is skewed, CA fails to update OCSP response in time. Consider running curl -o ocsp.der http://ocsp.rootg2.amazontrust.com/MFIwUDBOMEwwSjAHBgUrDgMCGgQUiH2kRF5n6nyUd05DGJw+zuTIcxIEFJxfAN+qAdcwKziIorhtSpzyEZGDAhMGf5RKKifN8/rCrisB+QjuucTG', 'insecureMode': False, 'failOpen': True, 'cacheEnabled': True, 'cacheHit': False, 'exceptionMessage': '254013: 254013: 254013: 254013: Response is unreliable. Its validity date is out of range: current_time=2023-06-28 10:40:08Z, this_update=2023-06-28 12:05:21Z, next_update=2023-07-05 13:05:21Z, tolerable next_update=2023-07-05 14:46:45Z. A potential cause is client clock is skewed, CA fails to update OCSP response in time. Consider running curl -o ocsp.der http://ocsp.rootg2.amazontrust.com/MFIwUDBOMEwwSjAHBgUrDgMCGgQUiH2kRF5n6nyUd05DGJw+zuTIcxIEFJxfAN+qAdcwKziIorhtSpzyEZGDAhMGf5RKKifN8/rCrisB+QjuucTG', 'exceptionStackTrace': 'Traceback (most recent call last):\n  File "/home/***/.local/lib/python3.7/site-packages/snowflake/connector/ocsp_asn1crypto.py", line 362, in process_ocsp_response\n    self._process_good_status(single_response, cert_id, ocsp_response)\n  File "/home/***/.local/lib/python3.7/site-packages/snowflake/connector/ocsp_snowflake.py", line 1649, in _process_good_status\n    errno=ER_OCSP_RESPONSE_EXPIRED,\nsnowflake.connector.errors.RevocationCheckError: 254013: 254013: Response is unreliable. Its validity date is out of range: current_time=2023-06-28 10:40:08Z, this_update=2023-06-28 12:05:21Z, next_update=2023-07-05 13:05:21Z, tolerable next_update=2023-07-05 14:46:45Z. A potential cause is client clock is skewed, CA fails to update OCSP response in time.\n\nDuring handling of the above exception, another exception occurred:\n\nTraceback (most recent call last):\n  File "/home/***/.local/lib/python3.7/site-packages/snowflake/connector/ocsp_snowflake.py", line 1267, in validate_by_direct_connection\n    raise op_er\n  File "/home/***/.local/lib/python3.7/site-packages/snowflake/connector/ocsp_snowflake.py", line 1248, in validate_by_direct_connection\n    self.process_ocsp_response(issuer, cert_id, ocsp_response)\n  File "/home/***/.local/lib/python3.7/site-packages/snowflake/connector/ocsp_asn1crypto.py", line 380, in process_ocsp_response\n    raise RevocationCheckError(msg=debug_msg, errno=op_er.errno)\nsnowflake.connector.errors.RevocationCheckError: 254013: 254013: 254013: 254013: Response is unreliable. Its validity date is out of range: current_time=2023-06-28 10:40:08Z, this_update=2023-06-28 12:05:21Z, next_update=2023-07-05 13:05:21Z, tolerable next_update=2023-07-05 14:46:45Z. A potential cause is client clock is skewed, CA fails to update OCSP response in time. Consider running curl -o ocsp.der http://ocsp.rootg2.amazontrust.com/MFIwUDBOMEwwSjAHBgUrDgMCGgQUiH2kRF5n6nyUd05DGJw+zuTIcxIEFJxfAN+qAdcwKziIorhtSpzyEZGDAhMGf5RKKifN8/rCrisB+QjuucTG\n'}
[2023-06-28T10:40:19.468+0000] {ocsp_snowflake.py:1163} ERROR - WARNING!!! Using fail-open to connect. Driver is connecting to an HTTPS endpoint without OCSP based Certificate Revocation checking as it could not obtain a valid OCSP Response to use from the CA OCSP responder. Details: 
 {'eventType': 'RevocationCheckFailure', 'eventSubType': 'OCSPResponseExpired', 'sfcPeerHost': 'client-telemetry.snowflakecomputing.com', 'certId': 'MEowBwYFKw4DAhoEFE9Zo5RTz7lVnn9r2MVNpT2mQrcUBBSEGMyFNOy8DJSULghZnMeyEE4KCAITB3MSOAudZoijOx7Zv5zNpo4ODw==', 'ocspRequestBase64': 'MFIwUDBOMEwwSjAHBgUrDgMCGgQUT1mjlFPPuVWef2vYxU2lPaZCtxQEFIQYzIU07LwMlJQuCFmcx7IQTgoIAhMHcxI4C51miKM7Htm/nM2mjg4P', 'ocspResponderURL': 'http://ocsp.rootca1.amazontrust.com', 'errorMessage': '254013: 254013: 254013: 254013: Response is unreliable. Its validity date is out of range: current_time=2023-06-28 10:40:19Z, this_update=2023-06-28 12:19:41Z, next_update=2023-07-05 13:19:41Z, tolerable next_update=2023-07-05 15:01:05Z. A potential cause is client clock is skewed, CA fails to update OCSP response in time. Consider running curl -o ocsp.der http://ocsp.rootca1.amazontrust.com/MFIwUDBOMEwwSjAHBgUrDgMCGgQUT1mjlFPPuVWef2vYxU2lPaZCtxQEFIQYzIU07LwMlJQuCFmcx7IQTgoIAhMHcxI4C51miKM7Htm/nM2mjg4P', 'insecureMode': False, 'failOpen': True, 'cacheEnabled': True, 'cacheHit': False, 'exceptionMessage': '254013: 254013: 254013: 254013: Response is unreliable. Its validity date is out of range: current_time=2023-06-28 10:40:19Z, this_update=2023-06-28 12:19:41Z, next_update=2023-07-05 13:19:41Z, tolerable next_update=2023-07-05 15:01:05Z. A potential cause is client clock is skewed, CA fails to update OCSP response in time. Consider running curl -o ocsp.der http://ocsp.rootca1.amazontrust.com/MFIwUDBOMEwwSjAHBgUrDgMCGgQUT1mjlFPPuVWef2vYxU2lPaZCtxQEFIQYzIU07LwMlJQuCFmcx7IQTgoIAhMHcxI4C51miKM7Htm/nM2mjg4P', 'exceptionStackTrace': 'Traceback (most recent call last):\n  File "/home/***/.local/lib/python3.7/site-packages/snowflake/connector/ocsp_asn1crypto.py", line 362, in process_ocsp_response\n    self._process_good_status(single_response, cert_id, ocsp_response)\n  File "/home/***/.local/lib/python3.7/site-packages/snowflake/connector/ocsp_snowflake.py", line 1649, in _process_good_status\n    errno=ER_OCSP_RESPONSE_EXPIRED,\nsnowflake.connector.errors.RevocationCheckError: 254013: 254013: Response is unreliable. Its validity date is out of range: current_time=2023-06-28 10:40:19Z, this_update=2023-06-28 12:19:41Z, next_update=2023-07-05 13:19:41Z, tolerable next_update=2023-07-05 15:01:05Z. A potential cause is client clock is skewed, CA fails to update OCSP response in time.\n\nDuring handling of the above exception, another exception occurred:\n\nTraceback (most recent call last):\n  File "/home/***/.local/lib/python3.7/site-packages/snowflake/connector/ocsp_snowflake.py", line 1267, in validate_by_direct_connection\n    raise op_er\n  File "/home/***/.local/lib/python3.7/site-packages/snowflake/connector/ocsp_snowflake.py", line 1248, in validate_by_direct_connection\n    self.process_ocsp_response(issuer, cert_id, ocsp_response)\n  File "/home/***/.local/lib/python3.7/site-packages/snowflake/connector/ocsp_asn1crypto.py", line 380, in process_ocsp_response\n    raise RevocationCheckError(msg=debug_msg, errno=op_er.errno)\nsnowflake.connector.errors.RevocationCheckError: 254013: 254013: 254013: 254013: Response is unreliable. Its validity date is out of range: current_time=2023-06-28 10:40:19Z, this_update=2023-06-28 12:19:41Z, next_update=2023-07-05 13:19:41Z, tolerable next_update=2023-07-05 15:01:05Z. A potential cause is client clock is skewed, CA fails to update OCSP response in time. Consider running curl -o ocsp.der http://ocsp.rootca1.amazontrust.com/MFIwUDBOMEwwSjAHBgUrDgMCGgQUT1mjlFPPuVWef2vYxU2lPaZCtxQEFIQYzIU07LwMlJQuCFmcx7IQTgoIAhMHcxI4C51miKM7Htm/nM2mjg4P\n'}
[2023-06-28T10:40:19.588+0000] {ocsp_snowflake.py:1163} ERROR - WARNING!!! Using fail-open to connect. Driver is connecting to an HTTPS endpoint without OCSP based Certificate Revocation checking as it could not obtain a valid OCSP Response to use from the CA OCSP responder. Details: 
 {'eventType': 'RevocationCheckFailure', 'eventSubType': 'OCSPResponseExpired|OCSPResponseExpired', 'sfcPeerHost': 'client-telemetry.snowflakecomputing.com', 'certId': 'MEowBwYFKw4DAhoEFIh9pEReZ+p8lHdOQxicPs7kyHMSBBScXwDfqgHXMCs4iKK4bUqc8hGRgwITBn+USionzfP6wq4rAfkI7rnExg==', 'ocspRequestBase64': 'MFIwUDBOMEwwSjAHBgUrDgMCGgQUiH2kRF5n6nyUd05DGJw+zuTIcxIEFJxfAN+qAdcwKziIorhtSpzyEZGDAhMGf5RKKifN8/rCrisB+QjuucTG', 'ocspResponderURL': 'http://ocsp.rootg2.amazontrust.com', 'errorMessage': '254013: 254013: 254013: 254013: Response is unreliable. Its validity date is out of range: current_time=2023-06-28 10:40:19Z, this_update=2023-06-28 12:05:21Z, next_update=2023-07-05 13:05:21Z, tolerable next_update=2023-07-05 14:46:45Z. A potential cause is client clock is skewed, CA fails to update OCSP response in time. Consider running curl -o ocsp.der http://ocsp.rootg2.amazontrust.com/MFIwUDBOMEwwSjAHBgUrDgMCGgQUiH2kRF5n6nyUd05DGJw+zuTIcxIEFJxfAN+qAdcwKziIorhtSpzyEZGDAhMGf5RKKifN8/rCrisB+QjuucTG', 'insecureMode': False, 'failOpen': True, 'cacheEnabled': True, 'cacheHit': False, 'exceptionMessage': '254013: 254013: 254013: 254013: Response is unreliable. Its validity date is out of range: current_time=2023-06-28 10:40:19Z, this_update=2023-06-28 12:05:21Z, next_update=2023-07-05 13:05:21Z, tolerable next_update=2023-07-05 14:46:45Z. A potential cause is client clock is skewed, CA fails to update OCSP response in time. Consider running curl -o ocsp.der http://ocsp.rootg2.amazontrust.com/MFIwUDBOMEwwSjAHBgUrDgMCGgQUiH2kRF5n6nyUd05DGJw+zuTIcxIEFJxfAN+qAdcwKziIorhtSpzyEZGDAhMGf5RKKifN8/rCrisB+QjuucTG', 'exceptionStackTrace': 'Traceback (most recent call last):\n  File "/home/***/.local/lib/python3.7/site-packages/snowflake/connector/ocsp_asn1crypto.py", line 362, in process_ocsp_response\n    self._process_good_status(single_response, cert_id, ocsp_response)\n  File "/home/***/.local/lib/python3.7/site-packages/snowflake/connector/ocsp_snowflake.py", line 1649, in _process_good_status\n    errno=ER_OCSP_RESPONSE_EXPIRED,\nsnowflake.connector.errors.RevocationCheckError: 254013: 254013: Response is unreliable. Its validity date is out of range: current_time=2023-06-28 10:40:19Z, this_update=2023-06-28 12:05:21Z, next_update=2023-07-05 13:05:21Z, tolerable next_update=2023-07-05 14:46:45Z. A potential cause is client clock is skewed, CA fails to update OCSP response in time.\n\nDuring handling of the above exception, another exception occurred:\n\nTraceback (most recent call last):\n  File "/home/***/.local/lib/python3.7/site-packages/snowflake/connector/ocsp_snowflake.py", line 1267, in validate_by_direct_connection\n    raise op_er\n  File "/home/***/.local/lib/python3.7/site-packages/snowflake/connector/ocsp_snowflake.py", line 1248, in validate_by_direct_connection\n    self.process_ocsp_response(issuer, cert_id, ocsp_response)\n  File "/home/***/.local/lib/python3.7/site-packages/snowflake/connector/ocsp_asn1crypto.py", line 380, in process_ocsp_response\n    raise RevocationCheckError(msg=debug_msg, errno=op_er.errno)\nsnowflake.connector.errors.RevocationCheckError: 254013: 254013: 254013: 254013: Response is unreliable. Its validity date is out of range: current_time=2023-06-28 10:40:19Z, this_update=2023-06-28 12:05:21Z, next_update=2023-07-05 13:05:21Z, tolerable next_update=2023-07-05 14:46:45Z. A potential cause is client clock is skewed, CA fails to update OCSP response in time. Consider running curl -o ocsp.der http://ocsp.rootg2.amazontrust.com/MFIwUDBOMEwwSjAHBgUrDgMCGgQUiH2kRF5n6nyUd05DGJw+zuTIcxIEFJxfAN+qAdcwKziIorhtSpzyEZGDAhMGf5RKKifN8/rCrisB+QjuucTG\n'}
[2023-06-28T10:40:52.148+0000] {ocsp_snowflake.py:1163} ERROR - WARNING!!! Using fail-open to connect. Driver is connecting to an HTTPS endpoint without OCSP based Certificate Revocation checking as it could not obtain a valid OCSP Response to use from the CA OCSP responder. Details: 
 {'eventType': 'RevocationCheckFailure', 'eventSubType': 'OCSPResponseExpired', 'sfcPeerHost': 'client-telemetry.snowflakecomputing.com', 'certId': 'MEowBwYFKw4DAhoEFE9Zo5RTz7lVnn9r2MVNpT2mQrcUBBSEGMyFNOy8DJSULghZnMeyEE4KCAITB3MSOAudZoijOx7Zv5zNpo4ODw==', 'ocspRequestBase64': 'MFIwUDBOMEwwSjAHBgUrDgMCGgQUT1mjlFPPuVWef2vYxU2lPaZCtxQEFIQYzIU07LwMlJQuCFmcx7IQTgoIAhMHcxI4C51miKM7Htm/nM2mjg4P', 'ocspResponderURL': 'http://ocsp.rootca1.amazontrust.com', 'errorMessage': '254013: 254013: 254013: 254013: Response is unreliable. Its validity date is out of range: current_time=2023-06-28 10:40:52Z, this_update=2023-06-28 12:19:41Z, next_update=2023-07-05 13:19:41Z, tolerable next_update=2023-07-05 15:01:05Z. A potential cause is client clock is skewed, CA fails to update OCSP response in time. Consider running curl -o ocsp.der http://ocsp.rootca1.amazontrust.com/MFIwUDBOMEwwSjAHBgUrDgMCGgQUT1mjlFPPuVWef2vYxU2lPaZCtxQEFIQYzIU07LwMlJQuCFmcx7IQTgoIAhMHcxI4C51miKM7Htm/nM2mjg4P', 'insecureMode': False, 'failOpen': True, 'cacheEnabled': True, 'cacheHit': False, 'exceptionMessage': '254013: 254013: 254013: 254013: Response is unreliable. Its validity date is out of range: current_time=2023-06-28 10:40:52Z, this_update=2023-06-28 12:19:41Z, next_update=2023-07-05 13:19:41Z, tolerable next_update=2023-07-05 15:01:05Z. A potential cause is client clock is skewed, CA fails to update OCSP response in time. Consider running curl -o ocsp.der http://ocsp.rootca1.amazontrust.com/MFIwUDBOMEwwSjAHBgUrDgMCGgQUT1mjlFPPuVWef2vYxU2lPaZCtxQEFIQYzIU07LwMlJQuCFmcx7IQTgoIAhMHcxI4C51miKM7Htm/nM2mjg4P', 'exceptionStackTrace': 'Traceback (most recent call last):\n  File "/home/***/.local/lib/python3.7/site-packages/snowflake/connector/network.py", line 958, in _request_exec\n    raise RetryRequest(exi)\nsnowflake.connector.network.RetryRequest: HTTP 403: Forbidden\n\nDuring handling of the above exception, another exception occurred:\n\nTraceback (most recent call last):\n  File "/home/***/.local/lib/python3.7/site-packages/snowflake/connector/ocsp_asn1crypto.py", line 362, in process_ocsp_response\n    self._process_good_status(single_response, cert_id, ocsp_response)\n  File "/home/***/.local/lib/python3.7/site-packages/snowflake/connector/ocsp_snowflake.py", line 1649, in _process_good_status\n    errno=ER_OCSP_RESPONSE_EXPIRED,\nsnowflake.connector.errors.RevocationCheckError: 254013: 254013: Response is unreliable. Its validity date is out of range: current_time=2023-06-28 10:40:52Z, this_update=2023-06-28 12:19:41Z, next_update=2023-07-05 13:19:41Z, tolerable next_update=2023-07-05 15:01:05Z. A potential cause is client clock is skewed, CA fails to update OCSP response in time.\n\nDuring handling of the above exception, another exception occurred:\n\nTraceback (most recent call last):\n  File "/home/***/.local/lib/python3.7/site-packages/snowflake/connector/ocsp_snowflake.py", line 1267, in validate_by_direct_connection\n    raise op_er\n  File "/home/***/.local/lib/python3.7/site-packages/snowflake/connector/ocsp_snowflake.py", line 1248, in validate_by_direct_connection\n    self.process_ocsp_response(issuer, cert_id, ocsp_response)\n  File "/home/***/.local/lib/python3.7/site-packages/snowflake/connector/ocsp_asn1crypto.py", line 380, in process_ocsp_response\n    raise RevocationCheckError(msg=debug_msg, errno=op_er.errno)\nsnowflake.connector.errors.RevocationCheckError: 254013: 254013: 254013: 254013: Response is unreliable. Its validity date is out of range: current_time=2023-06-28 10:40:52Z, this_update=2023-06-28 12:19:41Z, next_update=2023-07-05 13:19:41Z, tolerable next_update=2023-07-05 15:01:05Z. A potential cause is client clock is skewed, CA fails to update OCSP response in time. Consider running curl -o ocsp.der http://ocsp.rootca1.amazontrust.com/MFIwUDBOMEwwSjAHBgUrDgMCGgQUT1mjlFPPuVWef2vYxU2lPaZCtxQEFIQYzIU07LwMlJQuCFmcx7IQTgoIAhMHcxI4C51miKM7Htm/nM2mjg4P\n'}
[2023-06-28T10:40:52.290+0000] {ocsp_snowflake.py:1163} ERROR - WARNING!!! Using fail-open to connect. Driver is connecting to an HTTPS endpoint without OCSP based Certificate Revocation checking as it could not obtain a valid OCSP Response to use from the CA OCSP responder. Details: 
 {'eventType': 'RevocationCheckFailure', 'eventSubType': 'OCSPResponseExpired|OCSPResponseExpired', 'sfcPeerHost': 'client-telemetry.snowflakecomputing.com', 'certId': 'MEowBwYFKw4DAhoEFIh9pEReZ+p8lHdOQxicPs7kyHMSBBScXwDfqgHXMCs4iKK4bUqc8hGRgwITBn+USionzfP6wq4rAfkI7rnExg==', 'ocspRequestBase64': 'MFIwUDBOMEwwSjAHBgUrDgMCGgQUiH2kRF5n6nyUd05DGJw+zuTIcxIEFJxfAN+qAdcwKziIorhtSpzyEZGDAhMGf5RKKifN8/rCrisB+QjuucTG', 'ocspResponderURL': 'http://ocsp.rootg2.amazontrust.com', 'errorMessage': '254013: 254013: 254013: 254013: Response is unreliable. Its validity date is out of range: current_time=2023-06-28 10:40:52Z, this_update=2023-06-28 12:05:21Z, next_update=2023-07-05 13:05:21Z, tolerable next_update=2023-07-05 14:46:45Z. A potential cause is client clock is skewed, CA fails to update OCSP response in time. Consider running curl -o ocsp.der http://ocsp.rootg2.amazontrust.com/MFIwUDBOMEwwSjAHBgUrDgMCGgQUiH2kRF5n6nyUd05DGJw+zuTIcxIEFJxfAN+qAdcwKziIorhtSpzyEZGDAhMGf5RKKifN8/rCrisB+QjuucTG', 'insecureMode': False, 'failOpen': True, 'cacheEnabled': True, 'cacheHit': False, 'exceptionMessage': '254013: 254013: 254013: 254013: Response is unreliable. Its validity date is out of range: current_time=2023-06-28 10:40:52Z, this_update=2023-06-28 12:05:21Z, next_update=2023-07-05 13:05:21Z, tolerable next_update=2023-07-05 14:46:45Z. A potential cause is client clock is skewed, CA fails to update OCSP response in time. Consider running curl -o ocsp.der http://ocsp.rootg2.amazontrust.com/MFIwUDBOMEwwSjAHBgUrDgMCGgQUiH2kRF5n6nyUd05DGJw+zuTIcxIEFJxfAN+qAdcwKziIorhtSpzyEZGDAhMGf5RKKifN8/rCrisB+QjuucTG', 'exceptionStackTrace': 'Traceback (most recent call last):\n  File "/home/***/.local/lib/python3.7/site-packages/snowflake/connector/network.py", line 958, in _request_exec\n    raise RetryRequest(exi)\nsnowflake.connector.network.RetryRequest: HTTP 403: Forbidden\n\nDuring handling of the above exception, another exception occurred:\n\nTraceback (most recent call last):\n  File "/home/***/.local/lib/python3.7/site-packages/snowflake/connector/ocsp_asn1crypto.py", line 362, in process_ocsp_response\n    self._process_good_status(single_response, cert_id, ocsp_response)\n  File "/home/***/.local/lib/python3.7/site-packages/snowflake/connector/ocsp_snowflake.py", line 1649, in _process_good_status\n    errno=ER_OCSP_RESPONSE_EXPIRED,\nsnowflake.connector.errors.RevocationCheckError: 254013: 254013: Response is unreliable. Its validity date is out of range: current_time=2023-06-28 10:40:52Z, this_update=2023-06-28 12:05:21Z, next_update=2023-07-05 13:05:21Z, tolerable next_update=2023-07-05 14:46:45Z. A potential cause is client clock is skewed, CA fails to update OCSP response in time.\n\nDuring handling of the above exception, another exception occurred:\n\nTraceback (most recent call last):\n  File "/home/***/.local/lib/python3.7/site-packages/snowflake/connector/ocsp_snowflake.py", line 1267, in validate_by_direct_connection\n    raise op_er\n  File "/home/***/.local/lib/python3.7/site-packages/snowflake/connector/ocsp_snowflake.py", line 1248, in validate_by_direct_connection\n    self.process_ocsp_response(issuer, cert_id, ocsp_response)\n  File "/home/***/.local/lib/python3.7/site-packages/snowflake/connector/ocsp_asn1crypto.py", line 380, in process_ocsp_response\n    raise RevocationCheckError(msg=debug_msg, errno=op_er.errno)\nsnowflake.connector.errors.RevocationCheckError: 254013: 254013: 254013: 254013: Response is unreliable. Its validity date is out of range: current_time=2023-06-28 10:40:52Z, this_update=2023-06-28 12:05:21Z, next_update=2023-07-05 13:05:21Z, tolerable next_update=2023-07-05 14:46:45Z. A potential cause is client clock is skewed, CA fails to update OCSP response in time. Consider running curl -o ocsp.der http://ocsp.rootg2.amazontrust.com/MFIwUDBOMEwwSjAHBgUrDgMCGgQUiH2kRF5n6nyUd05DGJw+zuTIcxIEFJxfAN+qAdcwKziIorhtSpzyEZGDAhMGf5RKKifN8/rCrisB+QjuucTG\n'}
[2023-06-28T10:41:44.054+0000] {ocsp_snowflake.py:1163} ERROR - WARNING!!! Using fail-open to connect. Driver is connecting to an HTTPS endpoint without OCSP based Certificate Revocation checking as it could not obtain a valid OCSP Response to use from the CA OCSP responder. Details: 
 {'eventType': 'RevocationCheckFailure', 'eventSubType': 'OCSPResponseExpired', 'sfcPeerHost': 'client-telemetry.snowflakecomputing.com', 'certId': 'MEowBwYFKw4DAhoEFE9Zo5RTz7lVnn9r2MVNpT2mQrcUBBSEGMyFNOy8DJSULghZnMeyEE4KCAITB3MSOAudZoijOx7Zv5zNpo4ODw==', 'ocspRequestBase64': 'MFIwUDBOMEwwSjAHBgUrDgMCGgQUT1mjlFPPuVWef2vYxU2lPaZCtxQEFIQYzIU07LwMlJQuCFmcx7IQTgoIAhMHcxI4C51miKM7Htm/nM2mjg4P', 'ocspResponderURL': 'http://ocsp.rootca1.amazontrust.com', 'errorMessage': '254013: 254013: 254013: 254013: Response is unreliable. Its validity date is out of range: current_time=2023-06-28 10:41:44Z, this_update=2023-06-28 12:19:41Z, next_update=2023-07-05 13:19:41Z, tolerable next_update=2023-07-05 15:01:05Z. A potential cause is client clock is skewed, CA fails to update OCSP response in time. Consider running curl -o ocsp.der http://ocsp.rootca1.amazontrust.com/MFIwUDBOMEwwSjAHBgUrDgMCGgQUT1mjlFPPuVWef2vYxU2lPaZCtxQEFIQYzIU07LwMlJQuCFmcx7IQTgoIAhMHcxI4C51miKM7Htm/nM2mjg4P', 'insecureMode': False, 'failOpen': True, 'cacheEnabled': True, 'cacheHit': False, 'exceptionMessage': '254013: 254013: 254013: 254013: Response is unreliable. Its validity date is out of range: current_time=2023-06-28 10:41:44Z, this_update=2023-06-28 12:19:41Z, next_update=2023-07-05 13:19:41Z, tolerable next_update=2023-07-05 15:01:05Z. A potential cause is client clock is skewed, CA fails to update OCSP response in time. Consider running curl -o ocsp.der http://ocsp.rootca1.amazontrust.com/MFIwUDBOMEwwSjAHBgUrDgMCGgQUT1mjlFPPuVWef2vYxU2lPaZCtxQEFIQYzIU07LwMlJQuCFmcx7IQTgoIAhMHcxI4C51miKM7Htm/nM2mjg4P', 'exceptionStackTrace': 'Traceback (most recent call last):\n  File "/home/***/.local/lib/python3.7/site-packages/snowflake/connector/network.py", line 958, in _request_exec\n    raise RetryRequest(exi)\nsnowflake.connector.network.RetryRequest: HTTP 403: Forbidden\n\nDuring handling of the above exception, another exception occurred:\n\nTraceback (most recent call last):\n  File "/home/***/.local/lib/python3.7/site-packages/snowflake/connector/ocsp_asn1crypto.py", line 362, in process_ocsp_response\n    self._process_good_status(single_response, cert_id, ocsp_response)\n  File "/home/***/.local/lib/python3.7/site-packages/snowflake/connector/ocsp_snowflake.py", line 1649, in _process_good_status\n    errno=ER_OCSP_RESPONSE_EXPIRED,\nsnowflake.connector.errors.RevocationCheckError: 254013: 254013: Response is unreliable. Its validity date is out of range: current_time=2023-06-28 10:41:44Z, this_update=2023-06-28 12:19:41Z, next_update=2023-07-05 13:19:41Z, tolerable next_update=2023-07-05 15:01:05Z. A potential cause is client clock is skewed, CA fails to update OCSP response in time.\n\nDuring handling of the above exception, another exception occurred:\n\nTraceback (most recent call last):\n  File "/home/***/.local/lib/python3.7/site-packages/snowflake/connector/ocsp_snowflake.py", line 1267, in validate_by_direct_connection\n    raise op_er\n  File "/home/***/.local/lib/python3.7/site-packages/snowflake/connector/ocsp_snowflake.py", line 1248, in validate_by_direct_connection\n    self.process_ocsp_response(issuer, cert_id, ocsp_response)\n  File "/home/***/.local/lib/python3.7/site-packages/snowflake/connector/ocsp_asn1crypto.py", line 380, in process_ocsp_response\n    raise RevocationCheckError(msg=debug_msg, errno=op_er.errno)\nsnowflake.connector.errors.RevocationCheckError: 254013: 254013: 254013: 254013: Response is unreliable. Its validity date is out of range: current_time=2023-06-28 10:41:44Z, this_update=2023-06-28 12:19:41Z, next_update=2023-07-05 13:19:41Z, tolerable next_update=2023-07-05 15:01:05Z. A potential cause is client clock is skewed, CA fails to update OCSP response in time. Consider running curl -o ocsp.der http://ocsp.rootca1.amazontrust.com/MFIwUDBOMEwwSjAHBgUrDgMCGgQUT1mjlFPPuVWef2vYxU2lPaZCtxQEFIQYzIU07LwMlJQuCFmcx7IQTgoIAhMHcxI4C51miKM7Htm/nM2mjg4P\n'}
[2023-06-28T10:41:44.213+0000] {ocsp_snowflake.py:1163} ERROR - WARNING!!! Using fail-open to connect. Driver is connecting to an HTTPS endpoint without OCSP based Certificate Revocation checking as it could not obtain a valid OCSP Response to use from the CA OCSP responder. Details: 
 {'eventType': 'RevocationCheckFailure', 'eventSubType': 'OCSPResponseExpired|OCSPResponseExpired', 'sfcPeerHost': 'client-telemetry.snowflakecomputing.com', 'certId': 'MEowBwYFKw4DAhoEFIh9pEReZ+p8lHdOQxicPs7kyHMSBBScXwDfqgHXMCs4iKK4bUqc8hGRgwITBn+USionzfP6wq4rAfkI7rnExg==', 'ocspRequestBase64': 'MFIwUDBOMEwwSjAHBgUrDgMCGgQUiH2kRF5n6nyUd05DGJw+zuTIcxIEFJxfAN+qAdcwKziIorhtSpzyEZGDAhMGf5RKKifN8/rCrisB+QjuucTG', 'ocspResponderURL': 'http://ocsp.rootg2.amazontrust.com', 'errorMessage': '254013: 254013: 254013: 254013: Response is unreliable. Its validity date is out of range: current_time=2023-06-28 10:41:44Z, this_update=2023-06-28 12:05:21Z, next_update=2023-07-05 13:05:21Z, tolerable next_update=2023-07-05 14:46:45Z. A potential cause is client clock is skewed, CA fails to update OCSP response in time. Consider running curl -o ocsp.der http://ocsp.rootg2.amazontrust.com/MFIwUDBOMEwwSjAHBgUrDgMCGgQUiH2kRF5n6nyUd05DGJw+zuTIcxIEFJxfAN+qAdcwKziIorhtSpzyEZGDAhMGf5RKKifN8/rCrisB+QjuucTG', 'insecureMode': False, 'failOpen': True, 'cacheEnabled': True, 'cacheHit': False, 'exceptionMessage': '254013: 254013: 254013: 254013: Response is unreliable. Its validity date is out of range: current_time=2023-06-28 10:41:44Z, this_update=2023-06-28 12:05:21Z, next_update=2023-07-05 13:05:21Z, tolerable next_update=2023-07-05 14:46:45Z. A potential cause is client clock is skewed, CA fails to update OCSP response in time. Consider running curl -o ocsp.der http://ocsp.rootg2.amazontrust.com/MFIwUDBOMEwwSjAHBgUrDgMCGgQUiH2kRF5n6nyUd05DGJw+zuTIcxIEFJxfAN+qAdcwKziIorhtSpzyEZGDAhMGf5RKKifN8/rCrisB+QjuucTG', 'exceptionStackTrace': 'Traceback (most recent call last):\n  File "/home/***/.local/lib/python3.7/site-packages/snowflake/connector/network.py", line 958, in _request_exec\n    raise RetryRequest(exi)\nsnowflake.connector.network.RetryRequest: HTTP 403: Forbidden\n\nDuring handling of the above exception, another exception occurred:\n\nTraceback (most recent call last):\n  File "/home/***/.local/lib/python3.7/site-packages/snowflake/connector/ocsp_asn1crypto.py", line 362, in process_ocsp_response\n    self._process_good_status(single_response, cert_id, ocsp_response)\n  File "/home/***/.local/lib/python3.7/site-packages/snowflake/connector/ocsp_snowflake.py", line 1649, in _process_good_status\n    errno=ER_OCSP_RESPONSE_EXPIRED,\nsnowflake.connector.errors.RevocationCheckError: 254013: 254013: Response is unreliable. Its validity date is out of range: current_time=2023-06-28 10:41:44Z, this_update=2023-06-28 12:05:21Z, next_update=2023-07-05 13:05:21Z, tolerable next_update=2023-07-05 14:46:45Z. A potential cause is client clock is skewed, CA fails to update OCSP response in time.\n\nDuring handling of the above exception, another exception occurred:\n\nTraceback (most recent call last):\n  File "/home/***/.local/lib/python3.7/site-packages/snowflake/connector/ocsp_snowflake.py", line 1267, in validate_by_direct_connection\n    raise op_er\n  File "/home/***/.local/lib/python3.7/site-packages/snowflake/connector/ocsp_snowflake.py", line 1248, in validate_by_direct_connection\n    self.process_ocsp_response(issuer, cert_id, ocsp_response)\n  File "/home/***/.local/lib/python3.7/site-packages/snowflake/connector/ocsp_asn1crypto.py", line 380, in process_ocsp_response\n    raise RevocationCheckError(msg=debug_msg, errno=op_er.errno)\nsnowflake.connector.errors.RevocationCheckError: 254013: 254013: 254013: 254013: Response is unreliable. Its validity date is out of range: current_time=2023-06-28 10:41:44Z, this_update=2023-06-28 12:05:21Z, next_update=2023-07-05 13:05:21Z, tolerable next_update=2023-07-05 14:46:45Z. A potential cause is client clock is skewed, CA fails to update OCSP response in time. Consider running curl -o ocsp.der http://ocsp.rootg2.amazontrust.com/MFIwUDBOMEwwSjAHBgUrDgMCGgQUiH2kRF5n6nyUd05DGJw+zuTIcxIEFJxfAN+qAdcwKziIorhtSpzyEZGDAhMGf5RKKifN8/rCrisB+QjuucTG\n'}
[2023-06-28T10:42:16.954+0000] {network.py:806} ERROR - HTTP 403: Forbidden
Traceback (most recent call last):
  File "/home/airflow/.local/lib/python3.7/site-packages/snowflake/connector/network.py", line 769, in _request_exec_wrapper
    **kwargs,
  File "/home/airflow/.local/lib/python3.7/site-packages/snowflake/connector/network.py", line 1049, in _request_exec
    raise err
  File "/home/airflow/.local/lib/python3.7/site-packages/snowflake/connector/network.py", line 958, in _request_exec
    raise RetryRequest(exi)
snowflake.connector.network.RetryRequest: HTTP 403: Forbidden
[2023-06-28T10:42:16.971+0000] {taskinstance.py:1824} ERROR - Task failed with exception
Traceback (most recent call last):
  File "/home/airflow/.local/lib/python3.7/site-packages/snowflake/connector/network.py", line 769, in _request_exec_wrapper
    **kwargs,
  File "/home/airflow/.local/lib/python3.7/site-packages/snowflake/connector/network.py", line 1049, in _request_exec
    raise err
  File "/home/airflow/.local/lib/python3.7/site-packages/snowflake/connector/network.py", line 958, in _request_exec
    raise RetryRequest(exi)
snowflake.connector.network.RetryRequest: HTTP 403: Forbidden

During handling of the above exception, another exception occurred:

Traceback (most recent call last):
  File "/home/airflow/.local/lib/python3.7/site-packages/snowflake/connector/auth.py", line 246, in authenticate
    socket_timeout=self._rest._connection.login_timeout,
  File "/home/airflow/.local/lib/python3.7/site-packages/snowflake/connector/network.py", line 638, in _post_request
    _include_retry_params=_include_retry_params,
  File "/home/airflow/.local/lib/python3.7/site-packages/snowflake/connector/network.py", line 720, in fetch
    session, method, full_url, headers, data, retry_ctx, **kwargs
  File "/home/airflow/.local/lib/python3.7/site-packages/snowflake/connector/network.py", line 819, in _request_exec_wrapper
    Error.errorhandler_wrapper_from_cause(conn, cause)
  File "/home/airflow/.local/lib/python3.7/site-packages/snowflake/connector/errors.py", line 227, in errorhandler_wrapper_from_cause
    "done_format_msg": True,
  File "/home/airflow/.local/lib/python3.7/site-packages/snowflake/connector/errors.py", line 261, in errorhandler_wrapper
    connection.errorhandler(connection, cursor, error_class, error_value)
  File "/home/airflow/.local/lib/python3.7/site-packages/snowflake/connector/errors.py", line 195, in default_errorhandler
    cursor=cursor,
snowflake.connector.errors.ForbiddenError: HTTP 403: Forbidden

During handling of the above exception, another exception occurred:

Traceback (most recent call last):
  File "/opt/airflow/dags/snowflake_sensor.py", line 30, in execute
    snowflake_conn = SnowflakeConnection(**snowflake_conn_params)
  File "/home/airflow/.local/lib/python3.7/site-packages/snowflake/connector/connection.py", line 276, in __init__
    self.connect(**kwargs)
  File "/home/airflow/.local/lib/python3.7/site-packages/snowflake/connector/connection.py", line 491, in connect
    self.__open_connection()
  File "/home/airflow/.local/lib/python3.7/site-packages/snowflake/connector/connection.py", line 726, in __open_connection
    self._authenticate(auth_instance)
  File "/home/airflow/.local/lib/python3.7/site-packages/snowflake/connector/connection.py", line 981, in _authenticate
    self.__authenticate(self.__preprocess_auth_instance(auth_instance))
  File "/home/airflow/.local/lib/python3.7/site-packages/snowflake/connector/connection.py", line 1012, in __authenticate
    session_parameters=self._session_parameters,
  File "/home/airflow/.local/lib/python3.7/site-packages/snowflake/connector/auth.py", line 259, in authenticate
    sqlstate=SQLSTATE_CONNECTION_WAS_NOT_ESTABLISHED,
snowflake.connector.errors.ForbiddenError: 250001 (08001): None: Failed to connect to DB. Verify the account name is correct: ipponpartner.snowflakecomputing.com:443. HTTP 403: Forbidden
[2023-06-28T10:42:16.998+0000] {taskinstance.py:1350} INFO - Marking task as FAILED. dag_id=2_Test_Badge_5_Loop, task_id=snowflake_sensor_task, execution_date=20230628T103500, start_date=20230628T104006, end_date=20230628T104216
[2023-06-28T10:42:17.047+0000] {standard_task_runner.py:109} ERROR - Failed to execute job 511 for task snowflake_sensor_task (250001 (08001): None: Failed to connect to DB. Verify the account name is correct: ipponpartner.snowflakecomputing.com:443. HTTP 403: Forbidden; 322)
[2023-06-28T10:42:17.098+0000] {local_task_job_runner.py:225} INFO - Task exited with return code 1
[2023-06-28T10:42:17.148+0000] {taskinstance.py:2651} INFO - 0 downstream tasks scheduled from follow-on schedule check
